<?xml version="1.0" encoding="UTF-8"?>
<!-- Generated by org.testng.reporters.JUnitReportReporter -->
<testsuite skipped="0" hostname="NDI-LAP-654" name="FlightBookingTest" tests="1" failures="0" timestamp="16 Dec 2018 09:46:34 GMT" time="142.289" errors="0">
  <testcase name="testThatResultsAppearForAOneWayJourney" time="142.289" classname="FlightBookingTest"/>
</testsuite> <!-- FlightBookingTest -->
