<?xml version="1.0" encoding="UTF-8"?>
<!-- Generated by org.testng.reporters.JUnitReportReporter -->
<testsuite skipped="0" hostname="NDI-LAP-654" name="SignInTest" tests="1" failures="0" timestamp="16 Dec 2018 08:00:23 GMT" time="12.827" errors="0">
  <testcase name="shouldThrowAnErrorIfSignInDetailsAreMissing" time="12.827" classname="SignInTest"/>
</testsuite> <!-- SignInTest -->
