<?xml version="1.0" encoding="UTF-8"?>
<!-- Generated by org.testng.reporters.JUnitReportReporter -->
<testsuite skipped="0" hostname="NDI-LAP-654" name="HotelBookingTest" tests="1" failures="0" timestamp="16 Dec 2018 08:23:39 GMT" time="18.977" errors="0">
  <testcase name="shouldBeAbleToSearchForHotels" time="18.977" classname="HotelBookingTest"/>
</testsuite> <!-- HotelBookingTest -->
